  Application.cpp
  IndexBuffer.cpp
  Renderer.cpp
  Shader.cpp
  TestClearColor.cpp
  TestMultipleObjects.cpp
  TestTriangle.cpp
  TestUniform.cpp
E:\pets\openGL\OpenGL\OpenGL\src\tests\TestUniform.cpp(29,5): warning C4305: 'initializing': truncation from 'double' to 'float'
  Texture.cpp
  VertexArray.cpp
  VertexBuffer.cpp
  imgui.cpp
  imgui_demo.cpp
  imgui_draw.cpp
  imgui_impl_glfw_gl3.cpp
  stb_image.cpp
LINK : warning LNK4098: defaultlib 'LIBCMT' conflicts with use of other libs; use /NODEFAULTLIB:library
  Generating code
  Previous IPDB not found, fall back to full compilation.
  All 1719 functions were compiled because no usable IPDB/IOBJ from previous compilation was found.
  Finished generating code
glew32s.lib(glew.obj) : warning LNK4099: PDB 'vc120.pdb' was not found with 'glew32s.lib(glew.obj)' or at 'E:\pets\openGL\OpenGL\Release\vc120.pdb'; linking object as if no debug info
  OpenGL.vcxproj -> E:\pets\openGL\OpenGL\Release\OpenGL.exe
