e:\pets\opengl\opengl\opengl\release\vc142.pdb
e:\pets\opengl\opengl\opengl\release\stb_image.obj
e:\pets\opengl\opengl\opengl\release\imgui_impl_glfw_gl3.obj
e:\pets\opengl\opengl\opengl\release\imgui_draw.obj
e:\pets\opengl\opengl\opengl\release\imgui_demo.obj
e:\pets\opengl\opengl\opengl\release\imgui.obj
e:\pets\opengl\opengl\opengl\release\vertexbuffer.obj
e:\pets\opengl\opengl\opengl\release\vertexarray.obj
e:\pets\opengl\opengl\opengl\release\texture.obj
e:\pets\opengl\opengl\opengl\release\testuniform.obj
e:\pets\opengl\opengl\opengl\release\testtriangle.obj
e:\pets\opengl\opengl\opengl\release\testmultipleobjects.obj
e:\pets\opengl\opengl\opengl\release\testclearcolor.obj
e:\pets\opengl\opengl\opengl\release\shader.obj
e:\pets\opengl\opengl\opengl\release\renderer.obj
e:\pets\opengl\opengl\opengl\release\indexbuffer.obj
e:\pets\opengl\opengl\opengl\release\application.obj
e:\pets\opengl\opengl\release\opengl.exe
e:\pets\opengl\opengl\opengl\release\opengl.ipdb
e:\pets\opengl\opengl\opengl\release\opengl.iobj
e:\pets\opengl\opengl\release\opengl.pdb
e:\pets\opengl\opengl\opengl\release\opengl.tlog\cl.command.1.tlog
e:\pets\opengl\opengl\opengl\release\opengl.tlog\cl.read.1.tlog
e:\pets\opengl\opengl\opengl\release\opengl.tlog\cl.write.1.tlog
e:\pets\opengl\opengl\opengl\release\opengl.tlog\link.command.1.tlog
e:\pets\opengl\opengl\opengl\release\opengl.tlog\link.read.1.tlog
e:\pets\opengl\opengl\opengl\release\opengl.tlog\link.write.1.tlog
