e:\pets\opengl\opengl\opengl\debug\vc142.pdb
e:\pets\opengl\opengl\opengl\debug\vc142.idb
e:\pets\opengl\opengl\opengl\debug\stb_image.obj
e:\pets\opengl\opengl\opengl\debug\imgui_impl_glfw_gl3.obj
e:\pets\opengl\opengl\opengl\debug\imgui_draw.obj
e:\pets\opengl\opengl\opengl\debug\imgui_demo.obj
e:\pets\opengl\opengl\opengl\debug\imgui.obj
e:\pets\opengl\opengl\opengl\debug\vertexbuffer.obj
e:\pets\opengl\opengl\opengl\debug\vertexarray.obj
e:\pets\opengl\opengl\opengl\debug\testuniform.obj
e:\pets\opengl\opengl\opengl\debug\testtriangle.obj
e:\pets\opengl\opengl\opengl\debug\testmultipleobjects.obj
e:\pets\opengl\opengl\opengl\debug\testclearcolor.obj
e:\pets\opengl\opengl\opengl\debug\shader.obj
e:\pets\opengl\opengl\opengl\debug\renderer.obj
e:\pets\opengl\opengl\opengl\debug\indexbuffer.obj
e:\pets\opengl\opengl\opengl\debug\texture.obj
e:\pets\opengl\opengl\opengl\debug\opengl.tlog\cl.command.1.tlog
e:\pets\opengl\opengl\opengl\debug\opengl.tlog\cl.read.1.tlog
e:\pets\opengl\opengl\opengl\debug\opengl.tlog\cl.write.1.tlog
